#
# There is insufficient memory for the Java Runtime Environment to continue.
# Native memory allocation (malloc) failed to allocate 32744 bytes for ChunkPool::allocate
# Possible reasons:
#   The system is out of physical RAM or swap space
#   The process is running with CompressedOops enabled, and the Java Heap may be blocking the growth of the native heap
# Possible solutions:
#   Reduce memory load on the system
#   Increase physical memory or swap space
#   Check if swap backing store is full
#   Decrease Java heap size (-Xmx/-Xms)
#   Decrease number of Java threads
#   Decrease Java thread stack sizes (-Xss)
#   Set larger code cache with -XX:ReservedCodeCacheSize=
#   JVM is running with Unscaled Compressed Oops mode in which the Java heap is
#     placed in the first 4GB address space. The Java Heap base address is the
#     maximum limit for the native heap growth. Please use -XX:HeapBaseMinAddress
#     to set the Java Heap base and to place the Java Heap above 4GB virtual address.
# This output file may be truncated or incomplete.
#
#  Out of Memory Error (./open/src/hotspot/share/memory/arena.cpp:81), pid=7384, tid=11464
#
# JRE version: Java(TM) SE Runtime Environment 18.9 (11.0.10+8) (build 11.0.10+8-LTS-162)
# Java VM: Java HotSpot(TM) 64-Bit Server VM 18.9 (11.0.10+8-LTS-162, mixed mode, tiered, compressed oops, g1 gc, windows-amd64)
# No core dump will be written. Minidumps are not enabled by default on client versions of Windows
#

---------------  S U M M A R Y ------------

Command Line: C:\Users\Usuario\AppData\Local\Temp\surefire9274203918249357395\surefirebooter13253100482794379511.jar C:\Users\Usuario\AppData\Local\Temp\surefire9274203918249357395 2021-04-28T22-43-27_596-jvmRun1 surefire17937504201690818790tmp surefire_04741297193400892647tmp

Host: Intel(R) Core(TM) i5-6500 CPU @ 3.20GHz, 4 cores, 7G,  Windows 10 , 64 bit Build 19041 (10.0.19041.928)
Time: Wed Apr 28 22:43:32 2021 Hora estándar de Argentina elapsed time: 4.641005 seconds (0d 0h 0m 4s)

---------------  T H R E A D  ---------------

Current thread (0x0000019480512000):  JavaThread "C2 CompilerThread0" daemon [_thread_in_native, id=11464, stack(0x0000000e77b00000,0x0000000e77c00000)]


Current CompileTask:
C2:   4641 3167   !   4       org.springframework.beans.factory.support.DefaultSingletonBeanRegistry::getSingleton (147 bytes)

Stack: [0x0000000e77b00000,0x0000000e77c00000]
Native frames: (J=compiled Java code, j=interpreted, Vv=VM code, C=native code)
V  [jvm.dll+0x613e6a]
V  [jvm.dll+0x74c1ff]
V  [jvm.dll+0x74d885]
V  [jvm.dll+0x74df03]
V  [jvm.dll+0x243b78]
V  [jvm.dll+0xba66b]
V  [jvm.dll+0xba9cc]
V  [jvm.dll+0x5a5f81]
V  [jvm.dll+0x5a613b]
V  [jvm.dll+0x5aa9ee]
V  [jvm.dll+0x5ab175]
V  [jvm.dll+0x5a9ece]
V  [jvm.dll+0x1fd237]
V  [jvm.dll+0x1fc54f]
V  [jvm.dll+0x17f09c]
V  [jvm.dll+0x20bbd4]
V  [jvm.dll+0x209cab]
V  [jvm.dll+0x713619]
V  [jvm.dll+0x70c314]
V  [jvm.dll+0x613036]
C  [ucrtbase.dll+0x21bb2]
C  [KERNEL32.DLL+0x17034]
C  [ntdll.dll+0x52651]


---------------  P R O C E S S  ---------------

Threads class SMR info:
_java_thread_list=0x0000019483468150, length=13, elements={
0x00000194dffd7800, 0x00000194804fc000, 0x0000019480507000, 0x000001948050f800,
0x0000019480511000, 0x0000019480512000, 0x000001948051c000, 0x0000019480526000,
0x0000019480ff8800, 0x0000019481004000, 0x00000194810ef800, 0x0000019480ffd000,
0x0000019481a2e000
}

Java Threads: ( => current thread )
  0x00000194dffd7800 JavaThread "main" [_thread_in_vm, id=5236, stack(0x0000000e77000000,0x0000000e77100000)]
  0x00000194804fc000 JavaThread "Reference Handler" daemon [_thread_blocked, id=9428, stack(0x0000000e77700000,0x0000000e77800000)]
  0x0000019480507000 JavaThread "Finalizer" daemon [_thread_blocked, id=12592, stack(0x0000000e77800000,0x0000000e77900000)]
  0x000001948050f800 JavaThread "Signal Dispatcher" daemon [_thread_blocked, id=11820, stack(0x0000000e77900000,0x0000000e77a00000)]
  0x0000019480511000 JavaThread "Attach Listener" daemon [_thread_blocked, id=5304, stack(0x0000000e77a00000,0x0000000e77b00000)]
=>0x0000019480512000 JavaThread "C2 CompilerThread0" daemon [_thread_in_native, id=11464, stack(0x0000000e77b00000,0x0000000e77c00000)]
  0x000001948051c000 JavaThread "C1 CompilerThread0" daemon [_thread_blocked, id=4140, stack(0x0000000e77c00000,0x0000000e77d00000)]
  0x0000019480526000 JavaThread "Sweeper thread" daemon [_thread_blocked, id=8644, stack(0x0000000e77d00000,0x0000000e77e00000)]
  0x0000019480ff8800 JavaThread "Service Thread" daemon [_thread_blocked, id=10868, stack(0x0000000e77e00000,0x0000000e77f00000)]
  0x0000019481004000 JavaThread "Common-Cleaner" daemon [_thread_blocked, id=9300, stack(0x0000000e78000000,0x0000000e78100000)]
  0x00000194810ef800 JavaThread "surefire-forkedjvm-command-thread" daemon [_thread_in_native, id=10212, stack(0x0000000e78100000,0x0000000e78200000)]
  0x0000019480ffd000 JavaThread "surefire-forkedjvm-ping-30s" daemon [_thread_blocked, id=5588, stack(0x0000000e78200000,0x0000000e78300000)]
  0x0000019481a2e000 JavaThread "C2 CompilerThread1" daemon [_thread_in_native, id=12504, stack(0x0000000e78500000,0x0000000e78600000)]

Other Threads:
  0x00000194804c6000 VMThread "VM Thread" [stack: 0x0000000e77600000,0x0000000e77700000] [id=1796]
  0x0000019481002800 WatcherThread [stack: 0x0000000e77f00000,0x0000000e78000000] [id=12136]
  0x00000194dffea800 GCTaskThread "GC Thread#0" [stack: 0x0000000e77100000,0x0000000e77200000] [id=12584]
  0x0000019481659000 GCTaskThread "GC Thread#1" [stack: 0x0000000e78300000,0x0000000e78400000] [id=8384]
  0x00000194812e4000 GCTaskThread "GC Thread#2" [stack: 0x0000000e78400000,0x0000000e78500000] [id=12356]
  0x00000194828e8800 GCTaskThread "GC Thread#3" [stack: 0x0000000e78700000,0x0000000e78800000] [id=272]
  0x00000194e001b000 ConcurrentGCThread "G1 Main Marker" [stack: 0x0000000e77200000,0x0000000e77300000] [id=9068]
  0x00000194e001c800 ConcurrentGCThread "G1 Conc#0" [stack: 0x0000000e77300000,0x0000000e77400000] [id=11352]
  0x00000194e00ac000 ConcurrentGCThread "G1 Refine#0" [stack: 0x0000000e77400000,0x0000000e77500000] [id=2688]
  0x00000194e00ad800 ConcurrentGCThread "G1 Young RemSet Sampling" [stack: 0x0000000e77500000,0x0000000e77600000] [id=12764]

Threads with active compile tasks:
C2 CompilerThread0   4706 3167   !   4       org.springframework.beans.factory.support.DefaultSingletonBeanRegistry::getSingleton (147 bytes)
C2 CompilerThread1   4706 2982   !   4       jdk.internal.loader.BuiltinClassLoader::loadClassOrNull (143 bytes)

VM state:synchronizing (normal execution)

VM Mutex/Monitor currently owned by a thread:  ([mutex/lock_event])
[0x00000194dffd11e0] Threads_lock - owner thread: 0x00000194804c6000

Heap address: 0x0000000080a00000, size: 2038 MB, Compressed Oops mode: 32-bit
Narrow klass base: 0x0000000000000000, Narrow klass shift: 3
Compressed class space size: 1073741824 Address: 0x0000000100000000

Heap:
 garbage-first heap   total 131072K, used 19541K [0x0000000080a00000, 0x0000000100000000)
  region size 1024K, 14 young (14336K), 7 survivors (7168K)
 Metaspace       used 32815K, capacity 33937K, committed 34176K, reserved 1079296K
  class space    used 3858K, capacity 4355K, committed 4480K, reserved 1048576K
Heap Regions: E=young(eden), S=young(survivor), O=old, HS=humongous(starts), HC=humongous(continues), CS=collection set, F=free, A=archive, TAMS=top-at-mark-start (previous, next)
|   0|0x0000000080a00000, 0x0000000080b00000, 0x0000000080b00000|100%|HS|  |TAMS 0x0000000080b00000, 0x0000000080a00000| Complete 
|   1|0x0000000080b00000, 0x0000000080c00000, 0x0000000080c00000|100%| O|  |TAMS 0x0000000080c00000, 0x0000000080b00000| Untracked 
|   2|0x0000000080c00000, 0x0000000080d00000, 0x0000000080d00000|100%| O|  |TAMS 0x0000000080d00000, 0x0000000080c00000| Untracked 
|   3|0x0000000080d00000, 0x0000000080e00000, 0x0000000080e00000|100%| O|  |TAMS 0x0000000080e00000, 0x0000000080d00000| Untracked 
|   4|0x0000000080e00000, 0x0000000080f00000, 0x0000000080f00000|100%| O|  |TAMS 0x0000000080f00000, 0x0000000080e00000| Untracked 
|   5|0x0000000080f00000, 0x0000000081000000, 0x0000000081000000|100%| O|  |TAMS 0x0000000081000000, 0x0000000080f00000| Untracked 
|   6|0x0000000081000000, 0x00000000810da600, 0x0000000081100000| 85%| O|  |TAMS 0x00000000810da600, 0x0000000081000000| Untracked 
|   7|0x0000000081100000, 0x0000000081100000, 0x0000000081200000|  0%| F|  |TAMS 0x0000000081100000, 0x0000000081100000| Untracked 
|   8|0x0000000081200000, 0x0000000081200000, 0x0000000081300000|  0%| F|  |TAMS 0x0000000081200000, 0x0000000081200000| Untracked 
|   9|0x0000000081300000, 0x0000000081300000, 0x0000000081400000|  0%| F|  |TAMS 0x0000000081300000, 0x0000000081300000| Untracked 
|  10|0x0000000081400000, 0x0000000081400000, 0x0000000081500000|  0%| F|  |TAMS 0x0000000081400000, 0x0000000081400000| Untracked 
|  11|0x0000000081500000, 0x0000000081500000, 0x0000000081600000|  0%| F|  |TAMS 0x0000000081500000, 0x0000000081500000| Untracked 
|  12|0x0000000081600000, 0x0000000081600000, 0x0000000081700000|  0%| F|  |TAMS 0x0000000081600000, 0x0000000081600000| Untracked 
|  13|0x0000000081700000, 0x0000000081700000, 0x0000000081800000|  0%| F|  |TAMS 0x0000000081700000, 0x0000000081700000| Untracked 
|  14|0x0000000081800000, 0x0000000081800000, 0x0000000081900000|  0%| F|  |TAMS 0x0000000081800000, 0x0000000081800000| Untracked 
|  15|0x0000000081900000, 0x0000000081900000, 0x0000000081a00000|  0%| F|  |TAMS 0x0000000081900000, 0x0000000081900000| Untracked 
|  16|0x0000000081a00000, 0x0000000081a00000, 0x0000000081b00000|  0%| F|  |TAMS 0x0000000081a00000, 0x0000000081a00000| Untracked 
|  17|0x0000000081b00000, 0x0000000081b00000, 0x0000000081c00000|  0%| F|  |TAMS 0x0000000081b00000, 0x0000000081b00000| Untracked 
|  18|0x0000000081c00000, 0x0000000081c00000, 0x0000000081d00000|  0%| F|  |TAMS 0x0000000081c00000, 0x0000000081c00000| Untracked 
|  19|0x0000000081d00000, 0x0000000081d00000, 0x0000000081e00000|  0%| F|  |TAMS 0x0000000081d00000, 0x0000000081d00000| Untracked 
|  20|0x0000000081e00000, 0x0000000081e00000, 0x0000000081f00000|  0%| F|  |TAMS 0x0000000081e00000, 0x0000000081e00000| Untracked 
|  21|0x0000000081f00000, 0x0000000081f00000, 0x0000000082000000|  0%| F|  |TAMS 0x0000000081f00000, 0x0000000081f00000| Untracked 
|  22|0x0000000082000000, 0x0000000082000000, 0x0000000082100000|  0%| F|  |TAMS 0x0000000082000000, 0x0000000082000000| Untracked 
|  23|0x0000000082100000, 0x0000000082100000, 0x0000000082200000|  0%| F|  |TAMS 0x0000000082100000, 0x0000000082100000| Untracked 
|  24|0x0000000082200000, 0x0000000082200000, 0x0000000082300000|  0%| F|  |TAMS 0x0000000082200000, 0x0000000082200000| Untracked 
|  25|0x0000000082300000, 0x0000000082300000, 0x0000000082400000|  0%| F|  |TAMS 0x0000000082300000, 0x0000000082300000| Untracked 
|  26|0x0000000082400000, 0x0000000082400000, 0x0000000082500000|  0%| F|  |TAMS 0x0000000082400000, 0x0000000082400000| Untracked 
|  27|0x0000000082500000, 0x0000000082500000, 0x0000000082600000|  0%| F|  |TAMS 0x0000000082500000, 0x0000000082500000| Untracked 
|  28|0x0000000082600000, 0x0000000082600000, 0x0000000082700000|  0%| F|  |TAMS 0x0000000082600000, 0x0000000082600000| Untracked 
|  29|0x0000000082700000, 0x0000000082700000, 0x0000000082800000|  0%| F|  |TAMS 0x0000000082700000, 0x0000000082700000| Untracked 
|  30|0x0000000082800000, 0x0000000082800000, 0x0000000082900000|  0%| F|  |TAMS 0x0000000082800000, 0x0000000082800000| Untracked 
|  31|0x0000000082900000, 0x0000000082900000, 0x0000000082a00000|  0%| F|  |TAMS 0x0000000082900000, 0x0000000082900000| Untracked 
|  32|0x0000000082a00000, 0x0000000082a00000, 0x0000000082b00000|  0%| F|  |TAMS 0x0000000082a00000, 0x0000000082a00000| Untracked 
|  33|0x0000000082b00000, 0x0000000082b00000, 0x0000000082c00000|  0%| F|  |TAMS 0x0000000082b00000, 0x0000000082b00000| Untracked 
|  34|0x0000000082c00000, 0x0000000082c00000, 0x0000000082d00000|  0%| F|  |TAMS 0x0000000082c00000, 0x0000000082c00000| Untracked 
|  35|0x0000000082d00000, 0x0000000082d00000, 0x0000000082e00000|  0%| F|  |TAMS 0x0000000082d00000, 0x0000000082d00000| Untracked 
|  36|0x0000000082e00000, 0x0000000082e00000, 0x0000000082f00000|  0%| F|  |TAMS 0x0000000082e00000, 0x0000000082e00000| Untracked 
|  37|0x0000000082f00000, 0x0000000082f00000, 0x0000000083000000|  0%| F|  |TAMS 0x0000000082f00000, 0x0000000082f00000| Untracked 
|  38|0x0000000083000000, 0x0000000083000000, 0x0000000083100000|  0%| F|  |TAMS 0x0000000083000000, 0x0000000083000000| Untracked 
|  39|0x0000000083100000, 0x0000000083100000, 0x0000000083200000|  0%| F|  |TAMS 0x0000000083100000, 0x0000000083100000| Untracked 
|  40|0x0000000083200000, 0x0000000083200000, 0x0000000083300000|  0%| F|  |TAMS 0x0000000083200000, 0x0000000083200000| Untracked 
|  41|0x0000000083300000, 0x0000000083300000, 0x0000000083400000|  0%| F|  |TAMS 0x0000000083300000, 0x0000000083300000| Untracked 
|  42|0x0000000083400000, 0x0000000083400000, 0x0000000083500000|  0%| F|  |TAMS 0x0000000083400000, 0x0000000083400000| Untracked 
|  43|0x0000000083500000, 0x0000000083500000, 0x0000000083600000|  0%| F|  |TAMS 0x0000000083500000, 0x0000000083500000| Untracked 
|  44|0x0000000083600000, 0x0000000083600000, 0x0000000083700000|  0%| F|  |TAMS 0x0000000083600000, 0x0000000083600000| Untracked 
|  45|0x0000000083700000, 0x0000000083700000, 0x0000000083800000|  0%| F|  |TAMS 0x0000000083700000, 0x0000000083700000| Untracked 
|  46|0x0000000083800000, 0x0000000083800000, 0x0000000083900000|  0%| F|  |TAMS 0x0000000083800000, 0x0000000083800000| Untracked 
|  47|0x0000000083900000, 0x000000008393af60, 0x0000000083a00000| 23%| S|CS|TAMS 0x0000000083900000, 0x0000000083900000| Complete 
|  48|0x0000000083a00000, 0x0000000083b00000, 0x0000000083b00000|100%| S|CS|TAMS 0x0000000083a00000, 0x0000000083a00000| Complete 
|  49|0x0000000083b00000, 0x0000000083c00000, 0x0000000083c00000|100%| S|CS|TAMS 0x0000000083b00000, 0x0000000083b00000| Complete 
|  50|0x0000000083c00000, 0x0000000083d00000, 0x0000000083d00000|100%| S|CS|TAMS 0x0000000083c00000, 0x0000000083c00000| Complete 
|  51|0x0000000083d00000, 0x0000000083e00000, 0x0000000083e00000|100%| S|CS|TAMS 0x0000000083d00000, 0x0000000083d00000| Complete 
|  52|0x0000000083e00000, 0x0000000083f00000, 0x0000000083f00000|100%| S|CS|TAMS 0x0000000083e00000, 0x0000000083e00000| Complete 
|  53|0x0000000083f00000, 0x0000000084000000, 0x0000000084000000|100%| S|CS|TAMS 0x0000000083f00000, 0x0000000083f00000| Complete 
|  54|0x0000000084000000, 0x0000000084000000, 0x0000000084100000|  0%| F|  |TAMS 0x0000000084000000, 0x0000000084000000| Untracked 
|  55|0x0000000084100000, 0x0000000084100000, 0x0000000084200000|  0%| F|  |TAMS 0x0000000084100000, 0x0000000084100000| Untracked 
|  56|0x0000000084200000, 0x0000000084200000, 0x0000000084300000|  0%| F|  |TAMS 0x0000000084200000, 0x0000000084200000| Untracked 
|  57|0x0000000084300000, 0x0000000084300000, 0x0000000084400000|  0%| F|  |TAMS 0x0000000084300000, 0x0000000084300000| Untracked 
|  58|0x0000000084400000, 0x0000000084400000, 0x0000000084500000|  0%| F|  |TAMS 0x0000000084400000, 0x0000000084400000| Untracked 
|  59|0x0000000084500000, 0x0000000084500000, 0x0000000084600000|  0%| F|  |TAMS 0x0000000084500000, 0x0000000084500000| Untracked 
|  60|0x0000000084600000, 0x0000000084600000, 0x0000000084700000|  0%| F|  |TAMS 0x0000000084600000, 0x0000000084600000| Untracked 
|  61|0x0000000084700000, 0x0000000084700000, 0x0000000084800000|  0%| F|  |TAMS 0x0000000084700000, 0x0000000084700000| Untracked 
|  62|0x0000000084800000, 0x0000000084800000, 0x0000000084900000|  0%| F|  |TAMS 0x0000000084800000, 0x0000000084800000| Untracked 
|  63|0x0000000084900000, 0x0000000084900000, 0x0000000084a00000|  0%| F|  |TAMS 0x0000000084900000, 0x0000000084900000| Untracked 
|  64|0x0000000084a00000, 0x0000000084a00000, 0x0000000084b00000|  0%| F|  |TAMS 0x0000000084a00000, 0x0000000084a00000| Untracked 
|  65|0x0000000084b00000, 0x0000000084b00000, 0x0000000084c00000|  0%| F|  |TAMS 0x0000000084b00000, 0x0000000084b00000| Untracked 
|  66|0x0000000084c00000, 0x0000000084c00000, 0x0000000084d00000|  0%| F|  |TAMS 0x0000000084c00000, 0x0000000084c00000| Untracked 
|  67|0x0000000084d00000, 0x0000000084d00000, 0x0000000084e00000|  0%| F|  |TAMS 0x0000000084d00000, 0x0000000084d00000| Untracked 
|  68|0x0000000084e00000, 0x0000000084e00000, 0x0000000084f00000|  0%| F|  |TAMS 0x0000000084e00000, 0x0000000084e00000| Untracked 
|  69|0x0000000084f00000, 0x0000000084f00000, 0x0000000085000000|  0%| F|  |TAMS 0x0000000084f00000, 0x0000000084f00000| Untracked 
|  70|0x0000000085000000, 0x0000000085000000, 0x0000000085100000|  0%| F|  |TAMS 0x0000000085000000, 0x0000000085000000| Untracked 
|  71|0x0000000085100000, 0x0000000085100000, 0x0000000085200000|  0%| F|  |TAMS 0x0000000085100000, 0x0000000085100000| Untracked 
|  72|0x0000000085200000, 0x0000000085200000, 0x0000000085300000|  0%| F|  |TAMS 0x0000000085200000, 0x0000000085200000| Untracked 
|  73|0x0000000085300000, 0x0000000085300000, 0x0000000085400000|  0%| F|  |TAMS 0x0000000085300000, 0x0000000085300000| Untracked 
|  74|0x0000000085400000, 0x0000000085400000, 0x0000000085500000|  0%| F|  |TAMS 0x0000000085400000, 0x0000000085400000| Untracked 
|  75|0x0000000085500000, 0x0000000085500000, 0x0000000085600000|  0%| F|  |TAMS 0x0000000085500000, 0x0000000085500000| Untracked 
|  76|0x0000000085600000, 0x0000000085600000, 0x0000000085700000|  0%| F|  |TAMS 0x0000000085600000, 0x0000000085600000| Untracked 
|  77|0x0000000085700000, 0x0000000085700000, 0x0000000085800000|  0%| F|  |TAMS 0x0000000085700000, 0x0000000085700000| Untracked 
|  78|0x0000000085800000, 0x0000000085800000, 0x0000000085900000|  0%| F|  |TAMS 0x0000000085800000, 0x0000000085800000| Untracked 
|  79|0x0000000085900000, 0x0000000085900000, 0x0000000085a00000|  0%| F|  |TAMS 0x0000000085900000, 0x0000000085900000| Untracked 
|  80|0x0000000085a00000, 0x0000000085a00000, 0x0000000085b00000|  0%| F|  |TAMS 0x0000000085a00000, 0x0000000085a00000| Untracked 
|  81|0x0000000085b00000, 0x0000000085b00000, 0x0000000085c00000|  0%| F|  |TAMS 0x0000000085b00000, 0x0000000085b00000| Untracked 
|  82|0x0000000085c00000, 0x0000000085c00000, 0x0000000085d00000|  0%| F|  |TAMS 0x0000000085c00000, 0x0000000085c00000| Untracked 
|  83|0x0000000085d00000, 0x0000000085d00000, 0x0000000085e00000|  0%| F|  |TAMS 0x0000000085d00000, 0x0000000085d00000| Untracked 
|  84|0x0000000085e00000, 0x0000000085e00000, 0x0000000085f00000|  0%| F|  |TAMS 0x0000000085e00000, 0x0000000085e00000| Untracked 
|  85|0x0000000085f00000, 0x0000000085f00000, 0x0000000086000000|  0%| F|  |TAMS 0x0000000085f00000, 0x0000000085f00000| Untracked 
|  86|0x0000000086000000, 0x0000000086000000, 0x0000000086100000|  0%| F|  |TAMS 0x0000000086000000, 0x0000000086000000| Untracked 
|  87|0x0000000086100000, 0x0000000086100000, 0x0000000086200000|  0%| F|  |TAMS 0x0000000086100000, 0x0000000086100000| Untracked 
|  88|0x0000000086200000, 0x0000000086200000, 0x0000000086300000|  0%| F|  |TAMS 0x0000000086200000, 0x0000000086200000| Untracked 
|  89|0x0000000086300000, 0x0000000086300000, 0x0000000086400000|  0%| F|  |TAMS 0x0000000086300000, 0x0000000086300000| Untracked 
|  90|0x0000000086400000, 0x0000000086400000, 0x0000000086500000|  0%| F|  |TAMS 0x0000000086400000, 0x0000000086400000| Untracked 
|  91|0x0000000086500000, 0x0000000086500000, 0x0000000086600000|  0%| F|  |TAMS 0x0000000086500000, 0x0000000086500000| Untracked 
|  92|0x0000000086600000, 0x0000000086600000, 0x0000000086700000|  0%| F|  |TAMS 0x0000000086600000, 0x0000000086600000| Untracked 
|  93|0x0000000086700000, 0x0000000086700000, 0x0000000086800000|  0%| F|  |TAMS 0x0000000086700000, 0x0000000086700000| Untracked 
|  94|0x0000000086800000, 0x0000000086800000, 0x0000000086900000|  0%| F|  |TAMS 0x0000000086800000, 0x0000000086800000| Untracked 
|  95|0x0000000086900000, 0x0000000086900000, 0x0000000086a00000|  0%| F|  |TAMS 0x0000000086900000, 0x0000000086900000| Untracked 
|  96|0x0000000086a00000, 0x0000000086a00000, 0x0000000086b00000|  0%| F|  |TAMS 0x0000000086a00000, 0x0000000086a00000| Untracked 
|  97|0x0000000086b00000, 0x0000000086b00000, 0x0000000086c00000|  0%| F|  |TAMS 0x0000000086b00000, 0x0000000086b00000| Untracked 
|  98|0x0000000086c00000, 0x0000000086c00000, 0x0000000086d00000|  0%| F|  |TAMS 0x0000000086c00000, 0x0000000086c00000| Untracked 
|  99|0x0000000086d00000, 0x0000000086d00000, 0x0000000086e00000|  0%| F|  |TAMS 0x0000000086d00000, 0x0000000086d00000| Untracked 
| 100|0x0000000086e00000, 0x0000000086e00000, 0x0000000086f00000|  0%| F|  |TAMS 0x0000000086e00000, 0x0000000086e00000| Untracked 
| 101|0x0000000086f00000, 0x0000000086f00000, 0x0000000087000000|  0%| F|  |TAMS 0x0000000086f00000, 0x0000000086f00000| Untracked 
| 102|0x0000000087000000, 0x0000000087000000, 0x0000000087100000|  0%| F|  |TAMS 0x0000000087000000, 0x0000000087000000| Untracked 
| 103|0x0000000087100000, 0x0000000087100000, 0x0000000087200000|  0%| F|  |TAMS 0x0000000087100000, 0x0000000087100000| Untracked 
| 104|0x0000000087200000, 0x0000000087200000, 0x0000000087300000|  0%| F|  |TAMS 0x0000000087200000, 0x0000000087200000| Untracked 
| 105|0x0000000087300000, 0x0000000087300000, 0x0000000087400000|  0%| F|  |TAMS 0x0000000087300000, 0x0000000087300000| Untracked 
| 106|0x0000000087400000, 0x0000000087400000, 0x0000000087500000|  0%| F|  |TAMS 0x0000000087400000, 0x0000000087400000| Untracked 
| 107|0x0000000087500000, 0x0000000087500000, 0x0000000087600000|  0%| F|  |TAMS 0x0000000087500000, 0x0000000087500000| Untracked 
| 108|0x0000000087600000, 0x0000000087600000, 0x0000000087700000|  0%| F|  |TAMS 0x0000000087600000, 0x0000000087600000| Untracked 
| 109|0x0000000087700000, 0x0000000087700000, 0x0000000087800000|  0%| F|  |TAMS 0x0000000087700000, 0x0000000087700000| Untracked 
| 110|0x0000000087800000, 0x0000000087800000, 0x0000000087900000|  0%| F|  |TAMS 0x0000000087800000, 0x0000000087800000| Untracked 
| 111|0x0000000087900000, 0x0000000087900000, 0x0000000087a00000|  0%| F|  |TAMS 0x0000000087900000, 0x0000000087900000| Untracked 
| 112|0x0000000087a00000, 0x0000000087a00000, 0x0000000087b00000|  0%| F|  |TAMS 0x0000000087a00000, 0x0000000087a00000| Untracked 
| 113|0x0000000087b00000, 0x0000000087b00000, 0x0000000087c00000|  0%| F|  |TAMS 0x0000000087b00000, 0x0000000087b00000| Untracked 
| 114|0x0000000087c00000, 0x0000000087c00000, 0x0000000087d00000|  0%| F|  |TAMS 0x0000000087c00000, 0x0000000087c00000| Untracked 
| 115|0x0000000087d00000, 0x0000000087d00000, 0x0000000087e00000|  0%| F|  |TAMS 0x0000000087d00000, 0x0000000087d00000| Untracked 
| 116|0x0000000087e00000, 0x0000000087e00000, 0x0000000087f00000|  0%| F|  |TAMS 0x0000000087e00000, 0x0000000087e00000| Untracked 
| 117|0x0000000087f00000, 0x0000000087f00000, 0x0000000088000000|  0%| F|  |TAMS 0x0000000087f00000, 0x0000000087f00000| Untracked 
| 118|0x0000000088000000, 0x0000000088000000, 0x0000000088100000|  0%| F|  |TAMS 0x0000000088000000, 0x0000000088000000| Untracked 
| 119|0x0000000088100000, 0x0000000088100000, 0x0000000088200000|  0%| F|  |TAMS 0x0000000088100000, 0x0000000088100000| Untracked 
| 120|0x0000000088200000, 0x0000000088200000, 0x0000000088300000|  0%| F|  |TAMS 0x0000000088200000, 0x0000000088200000| Untracked 
| 121|0x0000000088300000, 0x0000000088400000, 0x0000000088400000|100%| E|  |TAMS 0x0000000088300000, 0x0000000088300000| Complete 
| 122|0x0000000088400000, 0x0000000088500000, 0x0000000088500000|100%| E|CS|TAMS 0x0000000088400000, 0x0000000088400000| Complete 
| 123|0x0000000088500000, 0x0000000088600000, 0x0000000088600000|100%| E|CS|TAMS 0x0000000088500000, 0x0000000088500000| Complete 
| 124|0x0000000088600000, 0x0000000088700000, 0x0000000088700000|100%| E|CS|TAMS 0x0000000088600000, 0x0000000088600000| Complete 
| 125|0x0000000088700000, 0x0000000088800000, 0x0000000088800000|100%| E|CS|TAMS 0x0000000088700000, 0x0000000088700000| Complete 
| 126|0x0000000088800000, 0x0000000088900000, 0x0000000088900000|100%| E|CS|TAMS 0x0000000088800000, 0x0000000088800000| Complete 
| 127|0x0000000088900000, 0x0000000088a00000, 0x0000000088a00000|100%| E|CS|TAMS 0x0000000088900000, 0x0000000088900000| Complete 

Card table byte_map: [0x00000194f9690000,0x00000194f9a90000] _byte_map_base: 0x00000194f928b000

Marking Bits (Prev, Next): (CMBitMap*) 0x00000194e0012110, (CMBitMap*) 0x00000194e00120d8
 Prev Bits: [0x00000194fbe70000, 0x00000194fde48000)
 Next Bits: [0x00000194f9e90000, 0x00000194fbe68000)

Polling page: 0x00000194e00c0000

Metaspace:

Usage:
  Non-class:     28.89 MB capacity,    28.28 MB ( 98%) used,   496.32 KB (  2%) free+waste,   128.19 KB ( <1%) overhead. 
      Class:      4.25 MB capacity,     3.77 MB ( 89%) used,   433.50 KB ( 10%) free+waste,    63.44 KB (  1%) overhead. 
       Both:     33.14 MB capacity,    32.05 MB ( 97%) used,   929.82 KB (  3%) free+waste,   191.63 KB ( <1%) overhead. 

Virtual space:
  Non-class space:       30.00 MB reserved,      29.00 MB ( 97%) committed 
      Class space:        1.00 GB reserved,       4.38 MB ( <1%) committed 
             Both:        1.03 GB reserved,      33.38 MB (  3%) committed 

Chunk freelists:
   Non-Class:  6.25 KB
       Class:  3.63 KB
        Both:  9.88 KB

CodeHeap 'non-profiled nmethods': size=120064Kb used=1463Kb max_used=1463Kb free=118601Kb
 bounds [0x00000194f1730000, 0x00000194f19a0000, 0x00000194f8c70000]
CodeHeap 'profiled nmethods': size=120000Kb used=6951Kb max_used=6951Kb free=113048Kb
 bounds [0x00000194ea200000, 0x00000194ea8d0000, 0x00000194f1730000]
CodeHeap 'non-nmethods': size=5696Kb used=1127Kb max_used=1169Kb free=4568Kb
 bounds [0x00000194e9c70000, 0x00000194e9ee0000, 0x00000194ea200000]
 total_blobs=3617 nmethods=3164 adapters=364
 compilation: enabled
              stopped_count=0, restarted_count=0
 full_count=0

Compilation events (10 events):
Event: 4.605 Thread 0x000001948051c000 3165   !   3       org.springframework.boot.autoconfigure.condition.SpringBootCondition::matches (118 bytes)
Event: 4.606 Thread 0x000001948051c000 nmethod 3165 0x00000194ea8c0690 code [0x00000194ea8c0a80, 0x00000194ea8c2288]
Event: 4.606 Thread 0x000001948051c000 3168       3       org.springframework.beans.factory.support.AbstractAutowireCapableBeanFactory::getTypeForFactoryBean (323 bytes)
Event: 4.606 Thread 0x0000019480512000 nmethod 3153 0x00000194f189c890 code [0x00000194f189cac0, 0x00000194f189d390]
Event: 4.606 Thread 0x0000019480512000 3167   !   4       org.springframework.beans.factory.support.DefaultSingletonBeanRegistry::getSingleton (147 bytes)
Event: 4.608 Thread 0x000001948051c000 nmethod 3168 0x00000194ea8c2d90 code [0x00000194ea8c32e0, 0x00000194ea8c68d8]
Event: 4.608 Thread 0x000001948051c000 3169       3       org.springframework.beans.factory.support.AbstractBeanDefinition::getBeanClass (63 bytes)
Event: 4.608 Thread 0x000001948051c000 nmethod 3169 0x00000194ea8c7590 code [0x00000194ea8c7860, 0x00000194ea8c8628]
Event: 4.609 Thread 0x000001948051c000 3166       3       org.springframework.boot.autoconfigure.condition.SpringBootCondition::getClassOrMethodName (58 bytes)
Event: 4.609 Thread 0x000001948051c000 nmethod 3166 0x00000194ea8c8a90 code [0x00000194ea8c8d40, 0x00000194ea8c9aa8]

GC Heap History (10 events):
Event: 0.693 GC heap before
{Heap before GC invocations=1 (full 0):
 garbage-first heap   total 131072K, used 13392K [0x0000000080a00000, 0x0000000100000000)
  region size 1024K, 8 young (8192K), 2 survivors (2048K)
 Metaspace       used 11333K, capacity 11613K, committed 11776K, reserved 1060864K
  class space    used 1091K, capacity 1183K, committed 1280K, reserved 1048576K
}
Event: 0.695 GC heap after
{Heap after GC invocations=2 (full 0):
 garbage-first heap   total 131072K, used 7393K [0x0000000080a00000, 0x0000000100000000)
  region size 1024K, 1 young (1024K), 1 survivors (1024K)
 Metaspace       used 11333K, capacity 11613K, committed 11776K, reserved 1060864K
  class space    used 1091K, capacity 1183K, committed 1280K, reserved 1048576K
}
Event: 1.739 GC heap before
{Heap before GC invocations=2 (full 0):
 garbage-first heap   total 131072K, used 36065K [0x0000000080a00000, 0x0000000100000000)
  region size 1024K, 29 young (29696K), 1 survivors (1024K)
 Metaspace       used 16366K, capacity 16969K, committed 17152K, reserved 1064960K
  class space    used 1732K, capacity 1952K, committed 2048K, reserved 1048576K
}
Event: 1.741 GC heap after
{Heap after GC invocations=3 (full 0):
 garbage-first heap   total 131072K, used 8460K [0x0000000080a00000, 0x0000000100000000)
  region size 1024K, 2 young (2048K), 2 survivors (2048K)
 Metaspace       used 16366K, capacity 16969K, committed 17152K, reserved 1064960K
  class space    used 1732K, capacity 1952K, committed 2048K, reserved 1048576K
}
Event: 2.340 GC heap before
{Heap before GC invocations=3 (full 0):
 garbage-first heap   total 131072K, used 29964K [0x0000000080a00000, 0x0000000100000000)
  region size 1024K, 24 young (24576K), 2 survivors (2048K)
 Metaspace       used 20525K, capacity 21189K, committed 21248K, reserved 1069056K
  class space    used 2276K, capacity 2533K, committed 2560K, reserved 1048576K
}
Event: 2.344 GC heap after
{Heap after GC invocations=4 (full 0):
 garbage-first heap   total 131072K, used 9559K [0x0000000080a00000, 0x0000000100000000)
  region size 1024K, 3 young (3072K), 3 survivors (3072K)
 Metaspace       used 20525K, capacity 21189K, committed 21248K, reserved 1069056K
  class space    used 2276K, capacity 2533K, committed 2560K, reserved 1048576K
}
Event: 3.051 GC heap before
{Heap before GC invocations=5 (full 0):
 garbage-first heap   total 131072K, used 68951K [0x0000000080a00000, 0x0000000100000000)
  region size 1024K, 62 young (63488K), 3 survivors (3072K)
 Metaspace       used 27724K, capacity 28627K, committed 28800K, reserved 1075200K
  class space    used 3200K, capacity 3593K, committed 3712K, reserved 1048576K
}
Event: 3.055 GC heap after
{Heap after GC invocations=6 (full 0):
 garbage-first heap   total 131072K, used 11319K [0x0000000080a00000, 0x0000000100000000)
  region size 1024K, 5 young (5120K), 5 survivors (5120K)
 Metaspace       used 27724K, capacity 28627K, committed 28800K, reserved 1075200K
  class space    used 3200K, capacity 3593K, committed 3712K, reserved 1048576K
}
Event: 4.474 GC heap before
{Heap before GC invocations=6 (full 0):
 garbage-first heap   total 131072K, used 80951K [0x0000000080a00000, 0x0000000100000000)
  region size 1024K, 74 young (75776K), 5 survivors (5120K)
 Metaspace       used 32160K, capacity 33318K, committed 33536K, reserved 1079296K
  class space    used 3773K, capacity 4257K, committed 4352K, reserved 1048576K
}
Event: 4.481 GC heap after
{Heap after GC invocations=7 (full 0):
 garbage-first heap   total 131072K, used 13397K [0x0000000080a00000, 0x0000000100000000)
  region size 1024K, 7 young (7168K), 7 survivors (7168K)
 Metaspace       used 32160K, capacity 33318K, committed 33536K, reserved 1079296K
  class space    used 3773K, capacity 4257K, committed 4352K, reserved 1048576K
}

Deoptimization events (10 events):
Event: 4.177 Thread 0x00000194dffd7800 Uncommon trap: reason=unstable_if action=reinterpret pc=0x00000194f187e4b8 method=org.springframework.beans.factory.support.AbstractBeanFactory.isFactoryBean(Ljava/lang/String;Lorg/springframework/beans/factory/support/RootBeanDefinition;)Z @ 38 c2
Event: 4.228 Thread 0x00000194dffd7800 Uncommon trap: reason=unstable_if action=reinterpret pc=0x00000194f1874bb0 method=org.springframework.beans.factory.support.AbstractBeanFactory.getMergedLocalBeanDefinition(Ljava/lang/String;)Lorg/springframework/beans/factory/support/RootBeanDefinition; 
Event: 4.229 Thread 0x00000194dffd7800 Uncommon trap: reason=unstable_if action=reinterpret pc=0x00000194f187f8cc method=org.springframework.beans.factory.support.DefaultSingletonBeanRegistry.getSingleton(Ljava/lang/String;Z)Ljava/lang/Object; @ 20 c2
Event: 4.284 Thread 0x00000194dffd7800 Uncommon trap: reason=class_check action=maybe_recompile pc=0x00000194f1856fb8 method=org.springframework.util.ConcurrentReferenceHashMap$Segment.findInChain(Lorg/springframework/util/ConcurrentReferenceHashMap$Reference;Ljava/lang/Object;I)Lorg/springfra
Event: 4.322 Thread 0x00000194dffd7800 Uncommon trap: reason=class_check action=maybe_recompile pc=0x00000194f1856fb8 method=org.springframework.util.ConcurrentReferenceHashMap$Segment.findInChain(Lorg/springframework/util/ConcurrentReferenceHashMap$Reference;Ljava/lang/Object;I)Lorg/springfra
Event: 4.329 Thread 0x00000194dffd7800 Uncommon trap: reason=class_check action=maybe_recompile pc=0x00000194f1856fb8 method=org.springframework.util.ConcurrentReferenceHashMap$Segment.findInChain(Lorg/springframework/util/ConcurrentReferenceHashMap$Reference;Ljava/lang/Object;I)Lorg/springfra
Event: 4.338 Thread 0x00000194dffd7800 Uncommon trap: reason=class_check action=maybe_recompile pc=0x00000194f1856fb8 method=org.springframework.util.ConcurrentReferenceHashMap$Segment.findInChain(Lorg/springframework/util/ConcurrentReferenceHashMap$Reference;Ljava/lang/Object;I)Lorg/springfra
Event: 4.347 Thread 0x00000194dffd7800 Uncommon trap: reason=class_check action=maybe_recompile pc=0x00000194f1855c1c method=org.springframework.util.ConcurrentReferenceHashMap$Segment.findInChain(Lorg/springframework/util/ConcurrentReferenceHashMap$Reference;Ljava/lang/Object;I)Lorg/springfra
Event: 4.489 Thread 0x00000194dffd7800 Uncommon trap: reason=unstable_if action=reinterpret pc=0x00000194f18823a0 method=org.springframework.beans.factory.support.RootBeanDefinition.getTargetType()Ljava/lang/Class; @ 18 c2
Event: 4.489 Thread 0x00000194dffd7800 Uncommon trap: reason=unstable_if action=reinterpret pc=0x00000194f18870f4 method=org.springframework.beans.factory.support.RootBeanDefinition.getTargetType()Ljava/lang/Class; @ 18 c2

Classes redefined (0 events):
No events

Internal exceptions (10 events):
Event: 2.933 Thread 0x0000019481fb2800 Exception <a 'java/lang/NoSuchMethodError'{0x0000000086021748}: java.lang.invoke.DirectMethodHandle$Holder.invokeStaticInit(Ljava/lang/Object;Ljava/lang/Object;)J> (0x0000000086021748) thrown at [./open/src/hotspot/share/interpreter/linkResolver.cpp, line
Event: 2.935 Thread 0x0000019481fb2800 Exception <a 'java/lang/NoSuchMethodError'{0x000000008602dc08}: java.lang.invoke.DirectMethodHandle$Holder.invokeInterface(Ljava/lang/Object;Ljava/lang/Object;)J> (0x000000008602dc08) thrown at [./open/src/hotspot/share/interpreter/linkResolver.cpp, line 
Event: 2.935 Thread 0x0000019481fb2800 Exception <a 'java/lang/IncompatibleClassChangeError'{0x00000000860309a0}: Found class java.lang.Object, but interface was expected> (0x00000000860309a0) thrown at [./open/src/hotspot/share/interpreter/linkResolver.cpp, line 838]
Event: 2.951 Thread 0x0000019481fb2800 Exception <a 'java/lang/NoSuchMethodError'{0x0000000085ff2648}: java.lang.invoke.DirectMethodHandle$Holder.invokeVirtual(Ljava/lang/Object;Ljava/lang/Object;Ljava/lang/Object;Ljava/lang/Object;)Ljava/lang/Object;> (0x0000000085ff2648) thrown at [./open/sr
Event: 3.381 Thread 0x00000194dffd7800 Exception <a 'java/lang/IncompatibleClassChangeError'{0x00000000870d35b0}: Found class java.lang.Object, but interface was expected> (0x00000000870d35b0) thrown at [./open/src/hotspot/share/interpreter/linkResolver.cpp, line 838]
Event: 3.522 Thread 0x00000194dffd7800 Implicit null exception at 0x00000194f17ff1af to 0x00000194f17ff5f8
Event: 3.524 Thread 0x00000194dffd7800 Exception <a 'java/lang/NoSuchMethodError'{0x0000000086956d08}: java.lang.invoke.DelegatingMethodHandle$Holder.delegate(Ljava/lang/Object;Ljava/lang/Object;ILjava/lang/Object;)V> (0x0000000086956d08) thrown at [./open/src/hotspot/share/interpreter/linkRes
Event: 3.597 Thread 0x00000194dffd7800 Exception <a 'java/lang/NoSuchMethodError'{0x0000000086620e90}: java.lang.invoke.DirectMethodHandle$Holder.invokeSpecial(Ljava/lang/Object;Ljava/lang/Object;IILjava/lang/Object;Ljava/lang/Object;Ljava/lang/Object;Ljava/lang/Object;)Ljava/lang/Object;> (0x
Event: 3.597 Thread 0x00000194dffd7800 Exception <a 'java/lang/NoSuchMethodError'{0x0000000086624dc0}: java.lang.invoke.DelegatingMethodHandle$Holder.reinvoke_L(Ljava/lang/Object;IILjava/lang/Object;Ljava/lang/Object;Ljava/lang/Object;Ljava/lang/Object;)Ljava/lang/Object;> (0x0000000086624dc0)
Event: 3.612 Thread 0x00000194dffd7800 Exception <a 'java/io/FileNotFoundException'{0x00000000866bac40}> (0x00000000866bac40) thrown at [./open/src/hotspot/share/prims/jni.cpp, line 611]

Events (10 events):
Event: 4.604 loading class org/springframework/security/oauth2/server/resource/introspection/OpaqueTokenIntrospector
Event: 4.604 loading class org/springframework/security/oauth2/server/resource/introspection/OpaqueTokenIntrospector done
Event: 4.606 loading class org/springframework/security/oauth2/jwt/JwtDecoder
Event: 4.606 loading class org/springframework/security/oauth2/jwt/JwtDecoder done
Event: 4.607 loading class org/springframework/security/oauth2/server/resource/introspection/OpaqueTokenIntrospector
Event: 4.607 loading class org/springframework/security/oauth2/server/resource/introspection/OpaqueTokenIntrospector done
Event: 4.607 loading class org/springframework/security/oauth2/client/registration/ClientRegistrationRepository
Event: 4.607 loading class org/springframework/security/oauth2/client/registration/ClientRegistrationRepository done
Event: 4.608 loading class org/springframework/boot/autoconfigure/task/TaskSchedulingProperties
Event: 4.608 loading class org/springframework/boot/autoconfigure/task/TaskSchedulingProperties done


Dynamic libraries:
0x00007ff6d3090000 - 0x00007ff6d309f000 	C:\Program Files\Java\jdk-11.0.10\bin\java.exe
0x00007ffb907b0000 - 0x00007ffb909a5000 	C:\WINDOWS\SYSTEM32\ntdll.dll
0x00007ffb8e810000 - 0x00007ffb8e8cd000 	C:\WINDOWS\System32\KERNEL32.DLL
0x00007ffb8e0f0000 - 0x00007ffb8e3b8000 	C:\WINDOWS\System32\KERNELBASE.dll
0x00007ffb8df20000 - 0x00007ffb8e020000 	C:\WINDOWS\System32\ucrtbase.dll
0x00007ffb85460000 - 0x00007ffb85478000 	C:\Program Files\Java\jdk-11.0.10\bin\jli.dll
0x00007ffb85480000 - 0x00007ffb85495000 	C:\Program Files\Java\jdk-11.0.10\bin\VCRUNTIME140.dll
0x00007ffb8f880000 - 0x00007ffb8f92c000 	C:\WINDOWS\System32\ADVAPI32.dll
0x00007ffb8f1c0000 - 0x00007ffb8f25e000 	C:\WINDOWS\System32\msvcrt.dll
0x00007ffb8f6d0000 - 0x00007ffb8f76b000 	C:\WINDOWS\System32\sechost.dll
0x00007ffb8fa00000 - 0x00007ffb8fb2b000 	C:\WINDOWS\System32\RPCRT4.dll
0x00007ffb8ed00000 - 0x00007ffb8eea0000 	C:\WINDOWS\System32\USER32.dll
0x00007ffb8e3c0000 - 0x00007ffb8e3e2000 	C:\WINDOWS\System32\win32u.dll
0x00007ffb7d9b0000 - 0x00007ffb7dc4a000 	C:\WINDOWS\WinSxS\amd64_microsoft.windows.common-controls_6595b64144ccf1df_6.0.19041.844_none_ca00b6081b84eb1d\COMCTL32.dll
0x00007ffb906b0000 - 0x00007ffb906da000 	C:\WINDOWS\System32\GDI32.dll
0x00007ffb8e540000 - 0x00007ffb8e64b000 	C:\WINDOWS\System32\gdi32full.dll
0x00007ffb8e4a0000 - 0x00007ffb8e53d000 	C:\WINDOWS\System32\msvcp_win.dll
0x00007ffb863a0000 - 0x00007ffb863aa000 	C:\WINDOWS\SYSTEM32\VERSION.dll
0x00007ffb8f7d0000 - 0x00007ffb8f800000 	C:\WINDOWS\System32\IMM32.DLL
0x00007ffb6f220000 - 0x00007ffb6f2bb000 	C:\Program Files\Java\jdk-11.0.10\bin\msvcp140.dll
0x00007ffb67060000 - 0x00007ffb67b5b000 	C:\Program Files\Java\jdk-11.0.10\bin\server\jvm.dll
0x00007ffb8f870000 - 0x00007ffb8f878000 	C:\WINDOWS\System32\PSAPI.DLL
0x00007ffb8b190000 - 0x00007ffb8b199000 	C:\WINDOWS\SYSTEM32\WSOCK32.dll
0x00007ffb86370000 - 0x00007ffb86397000 	C:\WINDOWS\SYSTEM32\WINMM.dll
0x00007ffb8f800000 - 0x00007ffb8f86b000 	C:\WINDOWS\System32\WS2_32.dll
0x00007ffb8c030000 - 0x00007ffb8c042000 	C:\WINDOWS\SYSTEM32\kernel.appcore.dll
0x00007ffb8bb10000 - 0x00007ffb8bb20000 	C:\Program Files\Java\jdk-11.0.10\bin\verify.dll
0x00007ffb8bb70000 - 0x00007ffb8bd54000 	C:\WINDOWS\SYSTEM32\DBGHELP.DLL
0x00007ffb7e6d0000 - 0x00007ffb7e6fc000 	C:\WINDOWS\SYSTEM32\dbgcore.DLL
0x00007ffb8e070000 - 0x00007ffb8e0f0000 	C:\WINDOWS\System32\bcryptPrimitives.dll
0x00007ffb80010000 - 0x00007ffb80038000 	C:\Program Files\Java\jdk-11.0.10\bin\java.dll
0x00007ffb8bae0000 - 0x00007ffb8baea000 	C:\Program Files\Java\jdk-11.0.10\bin\jimage.dll
0x00007ffb7ec30000 - 0x00007ffb7ec46000 	C:\Program Files\Java\jdk-11.0.10\bin\zip.dll
0x00007ffb8ff50000 - 0x00007ffb90692000 	C:\WINDOWS\System32\SHELL32.dll
0x00007ffb8c050000 - 0x00007ffb8c7e1000 	C:\WINDOWS\SYSTEM32\windows.storage.dll
0x00007ffb8fb30000 - 0x00007ffb8fe85000 	C:\WINDOWS\System32\combase.dll
0x00007ffb8d8f0000 - 0x00007ffb8d91c000 	C:\WINDOWS\SYSTEM32\Wldp.dll
0x00007ffb8eea0000 - 0x00007ffb8ef4e000 	C:\WINDOWS\System32\SHCORE.dll
0x00007ffb8fef0000 - 0x00007ffb8ff45000 	C:\WINDOWS\System32\shlwapi.dll
0x00007ffb8de30000 - 0x00007ffb8de4f000 	C:\WINDOWS\SYSTEM32\profapi.dll
0x00007ffb7ec10000 - 0x00007ffb7ec29000 	C:\Program Files\Java\jdk-11.0.10\bin\net.dll
0x00007ffb84870000 - 0x00007ffb8497b000 	C:\WINDOWS\SYSTEM32\WINHTTP.dll
0x00007ffb8d660000 - 0x00007ffb8d6ca000 	C:\WINDOWS\system32\mswsock.dll
0x00007ffb7c4f0000 - 0x00007ffb7c502000 	C:\Program Files\Java\jdk-11.0.10\bin\nio.dll
0x00007ffb80110000 - 0x00007ffb80119000 	C:\Program Files\Java\jdk-11.0.10\bin\management.dll
0x00007ffb80060000 - 0x00007ffb8006b000 	C:\Program Files\Java\jdk-11.0.10\bin\management_ext.dll
0x00007ffb852e0000 - 0x00007ffb852f7000 	C:\WINDOWS\system32\napinsp.dll
0x00007ffb85370000 - 0x00007ffb8538b000 	C:\WINDOWS\system32\pnrpnsp.dll
0x00007ffb746a0000 - 0x00007ffb746b5000 	C:\WINDOWS\system32\wshbth.dll
0x00007ffb896f0000 - 0x00007ffb8970d000 	C:\WINDOWS\system32\NLAapi.dll
0x00007ffb8d350000 - 0x00007ffb8d38b000 	C:\WINDOWS\SYSTEM32\IPHLPAPI.DLL
0x00007ffb8d390000 - 0x00007ffb8d45c000 	C:\WINDOWS\SYSTEM32\DNSAPI.dll
0x00007ffb906a0000 - 0x00007ffb906a8000 	C:\WINDOWS\System32\NSI.dll
0x00007ffb85390000 - 0x00007ffb853a2000 	C:\WINDOWS\System32\winrnr.dll
0x00007ffb852c0000 - 0x00007ffb852ca000 	C:\Windows\System32\rasadhlp.dll
0x00007ffb84a80000 - 0x00007ffb84aff000 	C:\WINDOWS\System32\fwpuclnt.dll
0x00007ffb8def0000 - 0x00007ffb8df17000 	C:\WINDOWS\System32\bcrypt.dll

dbghelp: loaded successfully - version: 4.0.5 - missing functions: none
symbol engine: initialized successfully - sym options: 0x614 - pdb path: .;C:\Program Files\Java\jdk-11.0.10\bin;C:\WINDOWS\SYSTEM32;C:\WINDOWS\WinSxS\amd64_microsoft.windows.common-controls_6595b64144ccf1df_6.0.19041.844_none_ca00b6081b84eb1d;C:\Program Files\Java\jdk-11.0.10\bin\server

VM Arguments:
java_command: C:\Users\Usuario\AppData\Local\Temp\surefire9274203918249357395\surefirebooter13253100482794379511.jar C:\Users\Usuario\AppData\Local\Temp\surefire9274203918249357395 2021-04-28T22-43-27_596-jvmRun1 surefire17937504201690818790tmp surefire_04741297193400892647tmp
java_class_path (initial): C:\Users\Usuario\AppData\Local\Temp\surefire9274203918249357395\surefirebooter13253100482794379511.jar
Launcher Type: SUN_STANDARD

[Global flags]
     intx CICompilerCount                          = 3                                         {product} {ergonomic}
     uint ConcGCThreads                            = 1                                         {product} {ergonomic}
     uint G1ConcRefinementThreads                  = 4                                         {product} {ergonomic}
   size_t G1HeapRegionSize                         = 1048576                                   {product} {ergonomic}
    uintx GCDrainStackTargetSize                   = 64                                        {product} {ergonomic}
   size_t InitialHeapSize                          = 134217728                                 {product} {ergonomic}
   size_t MarkStackSize                            = 4194304                                   {product} {ergonomic}
   size_t MaxHeapSize                              = 2136997888                                {product} {ergonomic}
   size_t MaxNewSize                               = 1281359872                                {product} {ergonomic}
   size_t MinHeapDeltaBytes                        = 1048576                                   {product} {ergonomic}
    uintx NonNMethodCodeHeapSize                   = 5830732                                {pd product} {ergonomic}
    uintx NonProfiledCodeHeapSize                  = 122913754                              {pd product} {ergonomic}
    uintx ProfiledCodeHeapSize                     = 122913754                              {pd product} {ergonomic}
    uintx ReservedCodeCacheSize                    = 251658240                              {pd product} {ergonomic}
     bool SegmentedCodeCache                       = true                                      {product} {ergonomic}
     bool UseCompressedClassPointers               = true                                 {lp64_product} {ergonomic}
     bool UseCompressedOops                        = true                                 {lp64_product} {ergonomic}
     bool UseG1GC                                  = true                                      {product} {ergonomic}
     bool UseLargePagesIndividualAllocation        = false                                  {pd product} {ergonomic}

Logging:
Log output configuration:
 #0: stdout all=warning uptime,level,tags
 #1: stderr all=off uptime,level,tags

Environment Variables:
JAVA_HOME=C:\Program Files\Java\jdk-11.0.10
PATH=C:\Program Files\Common Files\Oracle\Java\javapath;C:\Program Files (x86)\Common Files\Intel\Shared Libraries\redist\intel64\compiler;C:\WINDOWS\system32;C:\WINDOWS;C:\WINDOWS\System32\Wbem;C:\WINDOWS\System32\WindowsPowerShell\v1.0\;C:\WINDOWS\System32\OpenSSH\;C:\Program Files (x86)\ATI Technologies\ATI.ACE\Core-Static;C:\FPC\2.6.4\bin\i386-Win32;C:\Program Files\Java\jdk-11.0.10\bin\;C:\Program Files\apache-maven-3.6.3\bin;C:\Program Files\Git\cmd;C:\Users\Usuario\AppData\Local\Microsoft\WindowsApps;C:\Users\Usuario\AppData\Local\GitHubDesktop\bin;%USERPROFILE%\AppData\Local\Microsoft\WindowsApps;
USERNAME=Usuario
OS=Windows_NT
PROCESSOR_IDENTIFIER=Intel64 Family 6 Model 94 Stepping 3, GenuineIntel



---------------  S Y S T E M  ---------------

OS: Windows 10 , 64 bit Build 19041 (10.0.19041.928)

CPU:total 4 (initial active 4) (4 cores per cpu, 1 threads per core) family 6 model 94 stepping 3 microcode 0xcc, cmov, cx8, fxsr, mmx, sse, sse2, sse3, ssse3, sse4.1, sse4.2, popcnt, avx, avx2, aes, clmul, erms, rtm, 3dnowpref, lzcnt, tsc, tscinvbit, bmi1, bmi2, adx, fma

Memory: 4k page, system-wide physical 8147M (814M free)
TotalPageFile size 8147M (AvailPageFile size 10M)
current process WorkingSet (physical memory assigned to process): 212M, peak: 212M
current process commit charge ("private bytes"): 287M, peak: 287M

vm_info: Java HotSpot(TM) 64-Bit Server VM (11.0.10+8-LTS-162) for windows-amd64 JRE (11.0.10+8-LTS-162), built on Dec  8 2020 16:32:57 by "mach5one" with MS VC++ 15.9 (VS2017)

END.
